<?xml version="1.0" encoding="utf-8"?><testsuites name="pytest tests"><testsuite name="pytest" errors="0" failures="0" skipped="0" tests="10" time="3.814" timestamp="2026-08-14T19:18:29.702196+00:00" hostname="agent-env-ee1ceb63-9628-4513-ba31-a51cc4fe6264"><testcase classname="tests.backend_test.TestHealthAndOtc" name="test_health" time="0.332" /><testcase classname="tests.backend_test.TestPublicPages" name="test_page_loads[/-Perguntas frequentes]" time="0.313" /><testcase classname="tests.backend_test.TestPublicPages" name="test_page_loads[/trade-]" time="0.114" /><testcase classname="tests.backend_test.TestHealthAndOtc" name="test_otc_assets_are_enabled" time="0.313" /><testcase classname="tests.backend_test.TestPublicPages" name="test_page_loads[/login-]" time="0.094" /><testcase classname="tests.backend_test.TestPublicPages" name="test_landing_contains_all_required_sections" time="0.111" /><testcase classname="tests.backend_test.TestPublicPages" name="test_vx_design_system_is_in_served_css" time="0.293" /><testcase classname="tests.backend_test.TestHealthAndOtc" name="test_otc_websocket_delivers_snapshot" time="0.239" /><testcase classname="tests.backend_test.TestHealthAndOtc" name="test_otc_price_is_live_and_redis_backed" time="2.470" /><testcase classname="tests.backend_test.TestHealthAndOtc" name="test_otc_candles_have_valid_ohlc_data" time="0.120" /></testsuite></testsuites>